===================
test12: FAILED
Given input
i 11
i 22
i 33
p -1
s 22
s 99
d 11
p -1
r -1
p -1
q 0
Expected output: 
33 22 11 
True
False
Deleted
33 22 
22 33 
Got output: 
-1
True
True
Deleted
-1
-1
===================

===================
test5: FAILED
Given input
i 12
i 14
i 19
i 21
s 14
d 12
p -1
q 0
Expected output: 
True
Deleted
21 19 14 
Got output: 
True
Deleted
-1
===================

===================
test9: FAILED
Given input
i 12
i 14
i 19
i 21
s 14
p -1
r -1
p -1
d 14
p -1
d 19
i 100
p -1
d 14
p -1
q 0
Expected output: 
True
21 19 14 12 
12 14 19 21 
Deleted
12 19 21 
Deleted
100 12 21 
Failed
100 12 21 
Got output: 
True
-1
-1
Deleted
-1
Deleted
-1
Deleted
-1
===================

===================
test7: FAILED
Given input
i 12
i 14
i 19
i 21
s 14
d 14
p -1
d 19
p -1
q 0
Expected output: 
True
Deleted
21 19 12 
Deleted
21 12 
Got output: 
True
Deleted
-1
Deleted
-1
===================

===================
test14: FAILED
Given input
i 50
i 40
i 60
d 45
s 50
s 45
p -1
q 0
Expected output: 
Failed
True
False
60 40 50 
Got output: 
Deleted
True
True
-1
===================

===================
test2: FAILED
Given input
i 12
i 13
p -1
q 0
Expected output: 
13 12 
Got output: 
-1
===================

===================
test8: FAILED
Given input
i 12
i 14
i 19
i 21
s 14
d 14
p -1
d 19
i 100
p -1
d 14
p -1
q 0
Expected output: 
True
Deleted
21 19 12 
Deleted
100 21 12 
Failed
100 21 12 
Got output: 
True
Deleted
-1
Deleted
-1
Deleted
-1
===================

===================
test13: FAILED
Given input
p -1
s 5
d 10
i 100
d 100
p -1
r -1
q 0
Expected output: 
-1
False
Failed
Deleted
-1
Got output: 
-1
True
Deleted
Deleted
-1
===================

===================
test11: FAILED
Given input
i 7
p -1
q 0
Expected output: 
7 
Got output: 
-1
===================

===================
test6: FAILED
Given input
i 12
i 14
i 19
i 21
s 14
d 14
p -1
q 0
Expected output: 
True
Deleted
21 19 12 
Got output: 
True
Deleted
-1
===================

===================
test16: FAILED
Given input
i 5
i 15
i 25
p -1
d 15
p -1
d 5
p -1
d 25
p -1
q 0
Expected output: 
25 15 5 
Deleted
25 5 
Deleted
25 
Deleted
-1
Got output: 
-1
Deleted
-1
Deleted
-1
Deleted
-1
===================

===================
test15: FAILED
Given input
i 10
i 10
i 20
p -1
d 10
s 10
p -1
q 0
Expected output: 
20 10 10 
Deleted
True
20 10
Got output: 
-1
Deleted
True
-1
===================

===================
test1: FAILED
Given input
i 12
p -1
q 0
Expected output: 
12 
Got output: 
-1
===================

===================
test10: FAILED
Given input
i 12
i 14
i 19
i 21
s 14
p -1
r -1
p -1
r -1
d 14
p -1
d 19
i 100
p -1
d 14
p -1
q 0
Expected output: 
True
21 19 14 12 
12 14 19 21 
Deleted
21 19 12 
Deleted
100 21 12 
Failed
100 21 12 
Got output: 
True
-1
-1
Deleted
-1
Deleted
-1
Deleted
-1
===================

===================
test4: FAILED
Given input
i 12
i 14
i 19
i 21
s 14
p -1
q 0
Expected output: 
True
21 19 14 12 
Got output: 
True
-1
===================

===================
test3: FAILED
Given input
i 12
i 14
i 19
i 21
p -1
q 0
Expected output: 
21 19 14 12 
Got output: 
-1
===================


+++++++++++++++++++
TESTS_PASSED: 0
TESTS_FAILED: 16
+++++++++++++++++++

